<?xml version="1.0" encoding="UTF-8"?>
<testng-results ignored="0" total="1" passed="1" failed="0" skipped="0">
  <reporter-output>
    <line>
      <![CDATA[b5a834e4d2a17d62d6233495a881586a3f15f466]]>
    </line>
  </reporter-output>
  <suite started-at="2022-07-11T08:19:12Z" name="Default suite" finished-at="2022-07-11T08:19:18Z" duration-ms="5374">
    <groups>
    </groups>
    <test started-at="2022-07-11T08:19:12Z" name="Default test" finished-at="2022-07-11T08:19:18Z" duration-ms="5374">
      <class name="authentication.Oauth2Test">
        <test-method signature="oauth2Test()[pri:0, instance:authentication.Oauth2Test@63eef88a]" started-at="2022-07-11T08:19:12Z" name="oauth2Test" finished-at="2022-07-11T08:19:18Z" duration-ms="5320" status="PASS">
          <reporter-output>
            <line>
              <![CDATA[b5a834e4d2a17d62d6233495a881586a3f15f466]]>
            </line>
          </reporter-output>
        </test-method> <!-- oauth2Test -->
      </class> <!-- authentication.Oauth2Test -->
    </test> <!-- Default test -->
  </suite> <!-- Default suite -->
</testng-results>
